CRITICAL - 2021-11-22 01:22:31 --> Call to undefined function logged_in()
#0 /var/www/localhost/CodeIgniter4-4.0.2/vendor/codeigniter4/framework/system/View/View.php(214): include()
#1 /var/www/localhost/CodeIgniter4-4.0.2/vendor/codeigniter4/framework/system/View/View.php(217): CodeIgniter\View\View->CodeIgniter\View\{closure}()
#2 /var/www/localhost/CodeIgniter4-4.0.2/vendor/codeigniter4/framework/system/Common.php(1092): CodeIgniter\View\View->render()
#3 /var/www/localhost/CodeIgniter4-4.0.2/app/Views/auth/layout.php(34): view()
#4 /var/www/localhost/CodeIgniter4-4.0.2/vendor/codeigniter4/framework/system/View/View.php(214): include('/var/www/localh...')
#5 /var/www/localhost/CodeIgniter4-4.0.2/vendor/codeigniter4/framework/system/View/View.php(217): CodeIgniter\View\View->CodeIgniter\View\{closure}()
#6 /var/www/localhost/CodeIgniter4-4.0.2/vendor/codeigniter4/framework/system/View/View.php(230): CodeIgniter\View\View->render()
#7 /var/www/localhost/CodeIgniter4-4.0.2/vendor/codeigniter4/framework/system/Common.php(1092): CodeIgniter\View\View->render()
#8 /var/www/localhost/CodeIgniter4-4.0.2/vendor/myth/auth/src/Controllers/AuthController.php(429): view()
#9 /var/www/localhost/CodeIgniter4-4.0.2/vendor/myth/auth/src/Controllers/AuthController.php(225): Myth\Auth\Controllers\AuthController->_render()
#10 /var/www/localhost/CodeIgniter4-4.0.2/vendor/codeigniter4/framework/system/CodeIgniter.php(802): Myth\Auth\Controllers\AuthController->forgotPassword()
#11 /var/www/localhost/CodeIgniter4-4.0.2/vendor/codeigniter4/framework/system/CodeIgniter.php(399): CodeIgniter\CodeIgniter->runController()
#12 /var/www/localhost/CodeIgniter4-4.0.2/vendor/codeigniter4/framework/system/CodeIgniter.php(317): CodeIgniter\CodeIgniter->handleRequest()
#13 /var/www/localhost/CodeIgniter4-4.0.2/public/index.php(37): CodeIgniter\CodeIgniter->run()
#14 {main}
CRITICAL - 2021-11-22 01:22:40 --> Call to undefined function logged_in()
#0 /var/www/localhost/CodeIgniter4-4.0.2/vendor/codeigniter4/framework/system/View/View.php(214): include()
#1 /var/www/localhost/CodeIgniter4-4.0.2/vendor/codeigniter4/framework/system/View/View.php(217): CodeIgniter\View\View->CodeIgniter\View\{closure}()
#2 /var/www/localhost/CodeIgniter4-4.0.2/vendor/codeigniter4/framework/system/Common.php(1092): CodeIgniter\View\View->render()
#3 /var/www/localhost/CodeIgniter4-4.0.2/app/Views/auth/layout.php(34): view()
#4 /var/www/localhost/CodeIgniter4-4.0.2/vendor/codeigniter4/framework/system/View/View.php(214): include('/var/www/localh...')
#5 /var/www/localhost/CodeIgniter4-4.0.2/vendor/codeigniter4/framework/system/View/View.php(217): CodeIgniter\View\View->CodeIgniter\View\{closure}()
#6 /var/www/localhost/CodeIgniter4-4.0.2/vendor/codeigniter4/framework/system/View/View.php(230): CodeIgniter\View\View->render()
#7 /var/www/localhost/CodeIgniter4-4.0.2/vendor/codeigniter4/framework/system/Common.php(1092): CodeIgniter\View\View->render()
#8 /var/www/localhost/CodeIgniter4-4.0.2/vendor/myth/auth/src/Controllers/AuthController.php(429): view()
#9 /var/www/localhost/CodeIgniter4-4.0.2/vendor/myth/auth/src/Controllers/AuthController.php(225): Myth\Auth\Controllers\AuthController->_render()
#10 /var/www/localhost/CodeIgniter4-4.0.2/vendor/codeigniter4/framework/system/CodeIgniter.php(802): Myth\Auth\Controllers\AuthController->forgotPassword()
#11 /var/www/localhost/CodeIgniter4-4.0.2/vendor/codeigniter4/framework/system/CodeIgniter.php(399): CodeIgniter\CodeIgniter->runController()
#12 /var/www/localhost/CodeIgniter4-4.0.2/vendor/codeigniter4/framework/system/CodeIgniter.php(317): CodeIgniter\CodeIgniter->handleRequest()
#13 /var/www/localhost/CodeIgniter4-4.0.2/public/index.php(37): CodeIgniter\CodeIgniter->run()
#14 {main}
CRITICAL - 2021-11-22 01:42:01 --> Call to undefined function logged_in()
#0 /var/www/localhost/CodeIgniter4-4.0.2/vendor/codeigniter4/framework/system/View/View.php(214): include()
#1 /var/www/localhost/CodeIgniter4-4.0.2/vendor/codeigniter4/framework/system/View/View.php(217): CodeIgniter\View\View->CodeIgniter\View\{closure}()
#2 /var/www/localhost/CodeIgniter4-4.0.2/vendor/codeigniter4/framework/system/Common.php(1092): CodeIgniter\View\View->render()
#3 /var/www/localhost/CodeIgniter4-4.0.2/app/Views/auth/layout.php(34): view()
#4 /var/www/localhost/CodeIgniter4-4.0.2/vendor/codeigniter4/framework/system/View/View.php(214): include('/var/www/localh...')
#5 /var/www/localhost/CodeIgniter4-4.0.2/vendor/codeigniter4/framework/system/View/View.php(217): CodeIgniter\View\View->CodeIgniter\View\{closure}()
#6 /var/www/localhost/CodeIgniter4-4.0.2/vendor/codeigniter4/framework/system/View/View.php(230): CodeIgniter\View\View->render()
#7 /var/www/localhost/CodeIgniter4-4.0.2/vendor/codeigniter4/framework/system/Common.php(1092): CodeIgniter\View\View->render()
#8 /var/www/localhost/CodeIgniter4-4.0.2/vendor/myth/auth/src/Controllers/AuthController.php(429): view()
#9 /var/www/localhost/CodeIgniter4-4.0.2/vendor/myth/auth/src/Controllers/AuthController.php(225): Myth\Auth\Controllers\AuthController->_render()
#10 /var/www/localhost/CodeIgniter4-4.0.2/vendor/codeigniter4/framework/system/CodeIgniter.php(802): Myth\Auth\Controllers\AuthController->forgotPassword()
#11 /var/www/localhost/CodeIgniter4-4.0.2/vendor/codeigniter4/framework/system/CodeIgniter.php(399): CodeIgniter\CodeIgniter->runController()
#12 /var/www/localhost/CodeIgniter4-4.0.2/vendor/codeigniter4/framework/system/CodeIgniter.php(317): CodeIgniter\CodeIgniter->handleRequest()
#13 /var/www/localhost/CodeIgniter4-4.0.2/public/index.php(37): CodeIgniter\CodeIgniter->run()
#14 {main}
CRITICAL - 2021-11-22 03:16:31 --> Undefined offset: 0
#0 /var/www/localhost/CodeIgniter4-4.0.2/app/Controllers/Data_harian.php(232): CodeIgniter\Debug\Exceptions->errorHandler()
#1 /var/www/localhost/CodeIgniter4-4.0.2/vendor/codeigniter4/framework/system/CodeIgniter.php(802): App\Controllers\Data_harian->add_data_harian()
#2 /var/www/localhost/CodeIgniter4-4.0.2/vendor/codeigniter4/framework/system/CodeIgniter.php(399): CodeIgniter\CodeIgniter->runController()
#3 /var/www/localhost/CodeIgniter4-4.0.2/vendor/codeigniter4/framework/system/CodeIgniter.php(317): CodeIgniter\CodeIgniter->handleRequest()
#4 /var/www/localhost/CodeIgniter4-4.0.2/public/index.php(37): CodeIgniter\CodeIgniter->run()
#5 {main}
CRITICAL - 2021-11-22 03:17:30 --> Undefined property: App\Controllers\admin\SiteWwtpControllers::$spaDB
#0 /var/www/localhost/CodeIgniter4-4.0.2/app/Controllers/admin/SiteWwtpControllers.php(163): CodeIgniter\Debug\Exceptions->errorHandler()
#1 /var/www/localhost/CodeIgniter4-4.0.2/vendor/codeigniter4/framework/system/CodeIgniter.php(802): App\Controllers\admin\SiteWwtpControllers->get_all_titik_penaatan()
#2 /var/www/localhost/CodeIgniter4-4.0.2/vendor/codeigniter4/framework/system/CodeIgniter.php(399): CodeIgniter\CodeIgniter->runController()
#3 /var/www/localhost/CodeIgniter4-4.0.2/vendor/codeigniter4/framework/system/CodeIgniter.php(317): CodeIgniter\CodeIgniter->handleRequest()
#4 /var/www/localhost/CodeIgniter4-4.0.2/public/index.php(37): CodeIgniter\CodeIgniter->run()
#5 {main}
CRITICAL - 2021-11-22 09:48:23 --> Class 'App\Models\SiteDocumentModel' not found
#0 /var/www/localhost/CodeIgniter4-4.0.2/vendor/codeigniter4/framework/system/CodeIgniter.php(779): App\Controllers\admin\SiteWwtpControllers->__construct()
#1 /var/www/localhost/CodeIgniter4-4.0.2/vendor/codeigniter4/framework/system/CodeIgniter.php(390): CodeIgniter\CodeIgniter->createController()
#2 /var/www/localhost/CodeIgniter4-4.0.2/vendor/codeigniter4/framework/system/CodeIgniter.php(317): CodeIgniter\CodeIgniter->handleRequest()
#3 /var/www/localhost/CodeIgniter4-4.0.2/public/index.php(37): CodeIgniter\CodeIgniter->run()
#4 {main}
CRITICAL - 2021-11-22 09:48:29 --> Class 'App\Models\SiteDocumentModel' not found
#0 /var/www/localhost/CodeIgniter4-4.0.2/vendor/codeigniter4/framework/system/CodeIgniter.php(779): App\Controllers\admin\SiteWwtpControllers->__construct()
#1 /var/www/localhost/CodeIgniter4-4.0.2/vendor/codeigniter4/framework/system/CodeIgniter.php(390): CodeIgniter\CodeIgniter->createController()
#2 /var/www/localhost/CodeIgniter4-4.0.2/vendor/codeigniter4/framework/system/CodeIgniter.php(317): CodeIgniter\CodeIgniter->handleRequest()
#3 /var/www/localhost/CodeIgniter4-4.0.2/public/index.php(37): CodeIgniter\CodeIgniter->run()
#4 {main}
CRITICAL - 2021-11-22 09:48:33 --> Class 'App\Models\SiteDocumentModel' not found
#0 /var/www/localhost/CodeIgniter4-4.0.2/vendor/codeigniter4/framework/system/CodeIgniter.php(779): App\Controllers\admin\SiteWwtpControllers->__construct()
#1 /var/www/localhost/CodeIgniter4-4.0.2/vendor/codeigniter4/framework/system/CodeIgniter.php(390): CodeIgniter\CodeIgniter->createController()
#2 /var/www/localhost/CodeIgniter4-4.0.2/vendor/codeigniter4/framework/system/CodeIgniter.php(317): CodeIgniter\CodeIgniter->handleRequest()
#3 /var/www/localhost/CodeIgniter4-4.0.2/public/index.php(37): CodeIgniter\CodeIgniter->run()
#4 {main}
CRITICAL - 2021-11-22 09:48:50 --> Class 'App\Models\SiteDocumentModel' not found
#0 /var/www/localhost/CodeIgniter4-4.0.2/vendor/codeigniter4/framework/system/CodeIgniter.php(779): App\Controllers\admin\SiteWwtpControllers->__construct()
#1 /var/www/localhost/CodeIgniter4-4.0.2/vendor/codeigniter4/framework/system/CodeIgniter.php(390): CodeIgniter\CodeIgniter->createController()
#2 /var/www/localhost/CodeIgniter4-4.0.2/vendor/codeigniter4/framework/system/CodeIgniter.php(317): CodeIgniter\CodeIgniter->handleRequest()
#3 /var/www/localhost/CodeIgniter4-4.0.2/public/index.php(37): CodeIgniter\CodeIgniter->run()
#4 {main}
CRITICAL - 2021-11-22 09:48:52 --> Class 'App\Models\SiteDocumentModel' not found
#0 /var/www/localhost/CodeIgniter4-4.0.2/vendor/codeigniter4/framework/system/CodeIgniter.php(779): App\Controllers\admin\SiteWwtpControllers->__construct()
#1 /var/www/localhost/CodeIgniter4-4.0.2/vendor/codeigniter4/framework/system/CodeIgniter.php(390): CodeIgniter\CodeIgniter->createController()
#2 /var/www/localhost/CodeIgniter4-4.0.2/vendor/codeigniter4/framework/system/CodeIgniter.php(317): CodeIgniter\CodeIgniter->handleRequest()
#3 /var/www/localhost/CodeIgniter4-4.0.2/public/index.php(37): CodeIgniter\CodeIgniter->run()
#4 {main}
CRITICAL - 2021-11-22 09:50:29 --> Class 'App\Models\DetailSPaModel' not found
#0 /var/www/localhost/CodeIgniter4-4.0.2/vendor/codeigniter4/framework/system/CodeIgniter.php(779): App\Controllers\admin\SiteWwtpControllers->__construct()
#1 /var/www/localhost/CodeIgniter4-4.0.2/vendor/codeigniter4/framework/system/CodeIgniter.php(390): CodeIgniter\CodeIgniter->createController()
#2 /var/www/localhost/CodeIgniter4-4.0.2/vendor/codeigniter4/framework/system/CodeIgniter.php(317): CodeIgniter\CodeIgniter->handleRequest()
#3 /var/www/localhost/CodeIgniter4-4.0.2/public/index.php(37): CodeIgniter\CodeIgniter->run()
#4 {main}
CRITICAL - 2021-11-22 09:50:30 --> Class 'App\Models\DetailSPaModel' not found
#0 /var/www/localhost/CodeIgniter4-4.0.2/vendor/codeigniter4/framework/system/CodeIgniter.php(779): App\Controllers\admin\SiteWwtpControllers->__construct()
#1 /var/www/localhost/CodeIgniter4-4.0.2/vendor/codeigniter4/framework/system/CodeIgniter.php(390): CodeIgniter\CodeIgniter->createController()
#2 /var/www/localhost/CodeIgniter4-4.0.2/vendor/codeigniter4/framework/system/CodeIgniter.php(317): CodeIgniter\CodeIgniter->handleRequest()
#3 /var/www/localhost/CodeIgniter4-4.0.2/public/index.php(37): CodeIgniter\CodeIgniter->run()
#4 {main}
CRITICAL - 2021-11-22 09:50:31 --> Class 'App\Models\DetailSPaModel' not found
#0 /var/www/localhost/CodeIgniter4-4.0.2/vendor/codeigniter4/framework/system/CodeIgniter.php(779): App\Controllers\admin\SiteWwtpControllers->__construct()
#1 /var/www/localhost/CodeIgniter4-4.0.2/vendor/codeigniter4/framework/system/CodeIgniter.php(390): CodeIgniter\CodeIgniter->createController()
#2 /var/www/localhost/CodeIgniter4-4.0.2/vendor/codeigniter4/framework/system/CodeIgniter.php(317): CodeIgniter\CodeIgniter->handleRequest()
#3 /var/www/localhost/CodeIgniter4-4.0.2/public/index.php(37): CodeIgniter\CodeIgniter->run()
#4 {main}
CRITICAL - 2021-11-22 09:50:32 --> Class 'App\Models\DetailSPaModel' not found
#0 /var/www/localhost/CodeIgniter4-4.0.2/vendor/codeigniter4/framework/system/CodeIgniter.php(779): App\Controllers\admin\SiteWwtpControllers->__construct()
#1 /var/www/localhost/CodeIgniter4-4.0.2/vendor/codeigniter4/framework/system/CodeIgniter.php(390): CodeIgniter\CodeIgniter->createController()
#2 /var/www/localhost/CodeIgniter4-4.0.2/vendor/codeigniter4/framework/system/CodeIgniter.php(317): CodeIgniter\CodeIgniter->handleRequest()
#3 /var/www/localhost/CodeIgniter4-4.0.2/public/index.php(37): CodeIgniter\CodeIgniter->run()
#4 {main}
CRITICAL - 2021-11-22 09:54:57 --> Too few arguments to function App\Models\LoggerDetailModel::_get_parameter(), 1 passed in /var/www/localhost/CodeIgniter4-4.0.2/app/Controllers/admin/ValidasiPendaftaranControllers.php on line 364 and exactly 3 expected
#0 /var/www/localhost/CodeIgniter4-4.0.2/app/Controllers/admin/ValidasiPendaftaranControllers.php(364): App\Models\LoggerDetailModel->_get_parameter()
#1 /var/www/localhost/CodeIgniter4-4.0.2/vendor/codeigniter4/framework/system/CodeIgniter.php(802): App\Controllers\admin\ValidasiPendaftaranControllers->validateRegisterWWTP()
#2 /var/www/localhost/CodeIgniter4-4.0.2/vendor/codeigniter4/framework/system/CodeIgniter.php(399): CodeIgniter\CodeIgniter->runController()
#3 /var/www/localhost/CodeIgniter4-4.0.2/vendor/codeigniter4/framework/system/CodeIgniter.php(317): CodeIgniter\CodeIgniter->handleRequest()
#4 /var/www/localhost/CodeIgniter4-4.0.2/public/index.php(37): CodeIgniter\CodeIgniter->run()
#5 {main}
CRITICAL - 2021-11-22 09:55:03 --> Too few arguments to function App\Models\LoggerDetailModel::_get_parameter(), 1 passed in /var/www/localhost/CodeIgniter4-4.0.2/app/Controllers/admin/ValidasiPendaftaranControllers.php on line 364 and exactly 3 expected
#0 /var/www/localhost/CodeIgniter4-4.0.2/app/Controllers/admin/ValidasiPendaftaranControllers.php(364): App\Models\LoggerDetailModel->_get_parameter()
#1 /var/www/localhost/CodeIgniter4-4.0.2/vendor/codeigniter4/framework/system/CodeIgniter.php(802): App\Controllers\admin\ValidasiPendaftaranControllers->validateRegisterWWTP()
#2 /var/www/localhost/CodeIgniter4-4.0.2/vendor/codeigniter4/framework/system/CodeIgniter.php(399): CodeIgniter\CodeIgniter->runController()
#3 /var/www/localhost/CodeIgniter4-4.0.2/vendor/codeigniter4/framework/system/CodeIgniter.php(317): CodeIgniter\CodeIgniter->handleRequest()
#4 /var/www/localhost/CodeIgniter4-4.0.2/public/index.php(37): CodeIgniter\CodeIgniter->run()
#5 {main}
CRITICAL - 2021-11-22 09:56:19 --> unlink(/var/www/localhost/CodeIgniter4-4.0.2/writable/debugbar/debugbar_1637596331.json): No such file or directory
#0 [internal function]: CodeIgniter\Debug\Exceptions->errorHandler()
#1 /var/www/localhost/CodeIgniter4-4.0.2/vendor/codeigniter4/framework/system/Debug/Toolbar/Collectors/History.php(74): unlink()
#2 /var/www/localhost/CodeIgniter4-4.0.2/vendor/codeigniter4/framework/system/Debug/Toolbar.php(399): CodeIgniter\Debug\Toolbar\Collectors\History->setFiles()
#3 /var/www/localhost/CodeIgniter4-4.0.2/vendor/codeigniter4/framework/system/Debug/Toolbar.php(375): CodeIgniter\Debug\Toolbar->format()
#4 /var/www/localhost/CodeIgniter4-4.0.2/app/Config/Events.php(48): CodeIgniter\Debug\Toolbar->respond()
#5 /var/www/localhost/CodeIgniter4-4.0.2/vendor/codeigniter4/framework/system/Events/Events.php(149): CodeIgniter\Events\Events::Config\{closure}()
#6 /var/www/localhost/CodeIgniter4-4.0.2/vendor/codeigniter4/framework/system/CodeIgniter.php(299): CodeIgniter\Events\Events::trigger()
#7 /var/www/localhost/CodeIgniter4-4.0.2/public/index.php(37): CodeIgniter\CodeIgniter->run()
#8 {main}
CRITICAL - 2021-11-22 22:13:22 --> Trying to get property 'name' of non-object
#0 /var/www/localhost/CodeIgniter4-4.0.2/app/Views/template/sidebar_v.php(32): CodeIgniter\Debug\Exceptions->errorHandler()
#1 /var/www/localhost/CodeIgniter4-4.0.2/vendor/codeigniter4/framework/system/View/View.php(214): include('/var/www/localh...')
#2 /var/www/localhost/CodeIgniter4-4.0.2/vendor/codeigniter4/framework/system/View/View.php(217): CodeIgniter\View\View->CodeIgniter\View\{closure}()
#3 /var/www/localhost/CodeIgniter4-4.0.2/vendor/codeigniter4/framework/system/Common.php(1092): CodeIgniter\View\View->render()
#4 /var/www/localhost/CodeIgniter4-4.0.2/app/Views/template/wrapper_v.php(4): view()
#5 /var/www/localhost/CodeIgniter4-4.0.2/vendor/codeigniter4/framework/system/View/View.php(214): include('/var/www/localh...')
#6 /var/www/localhost/CodeIgniter4-4.0.2/vendor/codeigniter4/framework/system/View/View.php(217): CodeIgniter\View\View->CodeIgniter\View\{closure}()
#7 /var/www/localhost/CodeIgniter4-4.0.2/vendor/codeigniter4/framework/system/Common.php(1092): CodeIgniter\View\View->render()
#8 /var/www/localhost/CodeIgniter4-4.0.2/app/Controllers/Validasi_datalaporan.php(14): view()
#9 /var/www/localhost/CodeIgniter4-4.0.2/vendor/codeigniter4/framework/system/CodeIgniter.php(802): App\Controllers\Validasi_datalaporan->index()
#10 /var/www/localhost/CodeIgniter4-4.0.2/vendor/codeigniter4/framework/system/CodeIgniter.php(399): CodeIgniter\CodeIgniter->runController()
#11 /var/www/localhost/CodeIgniter4-4.0.2/vendor/codeigniter4/framework/system/CodeIgniter.php(317): CodeIgniter\CodeIgniter->handleRequest()
#12 /var/www/localhost/CodeIgniter4-4.0.2/public/index.php(37): CodeIgniter\CodeIgniter->run()
#13 {main}
CRITICAL - 2021-11-22 22:13:55 --> Trying to get property 'name' of non-object
#0 /var/www/localhost/CodeIgniter4-4.0.2/app/Views/template/sidebar_v.php(32): CodeIgniter\Debug\Exceptions->errorHandler()
#1 /var/www/localhost/CodeIgniter4-4.0.2/vendor/codeigniter4/framework/system/View/View.php(214): include('/var/www/localh...')
#2 /var/www/localhost/CodeIgniter4-4.0.2/vendor/codeigniter4/framework/system/View/View.php(217): CodeIgniter\View\View->CodeIgniter\View\{closure}()
#3 /var/www/localhost/CodeIgniter4-4.0.2/vendor/codeigniter4/framework/system/Common.php(1092): CodeIgniter\View\View->render()
#4 /var/www/localhost/CodeIgniter4-4.0.2/app/Views/template/wrapper_v.php(4): view()
#5 /var/www/localhost/CodeIgniter4-4.0.2/vendor/codeigniter4/framework/system/View/View.php(214): include('/var/www/localh...')
#6 /var/www/localhost/CodeIgniter4-4.0.2/vendor/codeigniter4/framework/system/View/View.php(217): CodeIgniter\View\View->CodeIgniter\View\{closure}()
#7 /var/www/localhost/CodeIgniter4-4.0.2/vendor/codeigniter4/framework/system/Common.php(1092): CodeIgniter\View\View->render()
#8 /var/www/localhost/CodeIgniter4-4.0.2/app/Controllers/Validasi_datalaporan.php(14): view()
#9 /var/www/localhost/CodeIgniter4-4.0.2/vendor/codeigniter4/framework/system/CodeIgniter.php(802): App\Controllers\Validasi_datalaporan->index()
#10 /var/www/localhost/CodeIgniter4-4.0.2/vendor/codeigniter4/framework/system/CodeIgniter.php(399): CodeIgniter\CodeIgniter->runController()
#11 /var/www/localhost/CodeIgniter4-4.0.2/vendor/codeigniter4/framework/system/CodeIgniter.php(317): CodeIgniter\CodeIgniter->handleRequest()
#12 /var/www/localhost/CodeIgniter4-4.0.2/public/index.php(37): CodeIgniter\CodeIgniter->run()
#13 {main}
CRITICAL - 2021-11-22 22:13:57 --> Trying to get property 'name' of non-object
#0 /var/www/localhost/CodeIgniter4-4.0.2/app/Views/template/sidebar_v.php(32): CodeIgniter\Debug\Exceptions->errorHandler()
#1 /var/www/localhost/CodeIgniter4-4.0.2/vendor/codeigniter4/framework/system/View/View.php(214): include('/var/www/localh...')
#2 /var/www/localhost/CodeIgniter4-4.0.2/vendor/codeigniter4/framework/system/View/View.php(217): CodeIgniter\View\View->CodeIgniter\View\{closure}()
#3 /var/www/localhost/CodeIgniter4-4.0.2/vendor/codeigniter4/framework/system/Common.php(1092): CodeIgniter\View\View->render()
#4 /var/www/localhost/CodeIgniter4-4.0.2/app/Views/template/wrapper_v.php(4): view()
#5 /var/www/localhost/CodeIgniter4-4.0.2/vendor/codeigniter4/framework/system/View/View.php(214): include('/var/www/localh...')
#6 /var/www/localhost/CodeIgniter4-4.0.2/vendor/codeigniter4/framework/system/View/View.php(217): CodeIgniter\View\View->CodeIgniter\View\{closure}()
#7 /var/www/localhost/CodeIgniter4-4.0.2/vendor/codeigniter4/framework/system/Common.php(1092): CodeIgniter\View\View->render()
#8 /var/www/localhost/CodeIgniter4-4.0.2/app/Controllers/admin/ValidasiPendaftaranControllers.php(307): view()
#9 /var/www/localhost/CodeIgniter4-4.0.2/vendor/codeigniter4/framework/system/CodeIgniter.php(802): App\Controllers\admin\ValidasiPendaftaranControllers->vwwtp_index()
#10 /var/www/localhost/CodeIgniter4-4.0.2/vendor/codeigniter4/framework/system/CodeIgniter.php(399): CodeIgniter\CodeIgniter->runController()
#11 /var/www/localhost/CodeIgniter4-4.0.2/vendor/codeigniter4/framework/system/CodeIgniter.php(317): CodeIgniter\CodeIgniter->handleRequest()
#12 /var/www/localhost/CodeIgniter4-4.0.2/public/index.php(37): CodeIgniter\CodeIgniter->run()
#13 {main}
CRITICAL - 2021-11-22 22:13:59 --> Trying to get property 'name' of non-object
#0 /var/www/localhost/CodeIgniter4-4.0.2/app/Views/template/sidebar_v.php(32): CodeIgniter\Debug\Exceptions->errorHandler()
#1 /var/www/localhost/CodeIgniter4-4.0.2/vendor/codeigniter4/framework/system/View/View.php(214): include('/var/www/localh...')
#2 /var/www/localhost/CodeIgniter4-4.0.2/vendor/codeigniter4/framework/system/View/View.php(217): CodeIgniter\View\View->CodeIgniter\View\{closure}()
#3 /var/www/localhost/CodeIgniter4-4.0.2/vendor/codeigniter4/framework/system/Common.php(1092): CodeIgniter\View\View->render()
#4 /var/www/localhost/CodeIgniter4-4.0.2/app/Views/template/wrapper_v.php(4): view()
#5 /var/www/localhost/CodeIgniter4-4.0.2/vendor/codeigniter4/framework/system/View/View.php(214): include('/var/www/localh...')
#6 /var/www/localhost/CodeIgniter4-4.0.2/vendor/codeigniter4/framework/system/View/View.php(217): CodeIgniter\View\View->CodeIgniter\View\{closure}()
#7 /var/www/localhost/CodeIgniter4-4.0.2/vendor/codeigniter4/framework/system/Common.php(1092): CodeIgniter\View\View->render()
#8 /var/www/localhost/CodeIgniter4-4.0.2/app/Controllers/admin/ValidasiPendaftaranControllers.php(49): view()
#9 /var/www/localhost/CodeIgniter4-4.0.2/vendor/codeigniter4/framework/system/CodeIgniter.php(802): App\Controllers\admin\ValidasiPendaftaranControllers->index()
#10 /var/www/localhost/CodeIgniter4-4.0.2/vendor/codeigniter4/framework/system/CodeIgniter.php(399): CodeIgniter\CodeIgniter->runController()
#11 /var/www/localhost/CodeIgniter4-4.0.2/vendor/codeigniter4/framework/system/CodeIgniter.php(317): CodeIgniter\CodeIgniter->handleRequest()
#12 /var/www/localhost/CodeIgniter4-4.0.2/public/index.php(37): CodeIgniter\CodeIgniter->run()
#13 {main}
CRITICAL - 2021-11-22 22:13:59 --> Trying to get property 'name' of non-object
#0 /var/www/localhost/CodeIgniter4-4.0.2/app/Views/template/sidebar_v.php(32): CodeIgniter\Debug\Exceptions->errorHandler()
#1 /var/www/localhost/CodeIgniter4-4.0.2/vendor/codeigniter4/framework/system/View/View.php(214): include('/var/www/localh...')
#2 /var/www/localhost/CodeIgniter4-4.0.2/vendor/codeigniter4/framework/system/View/View.php(217): CodeIgniter\View\View->CodeIgniter\View\{closure}()
#3 /var/www/localhost/CodeIgniter4-4.0.2/vendor/codeigniter4/framework/system/Common.php(1092): CodeIgniter\View\View->render()
#4 /var/www/localhost/CodeIgniter4-4.0.2/app/Views/template/wrapper_v.php(4): view()
#5 /var/www/localhost/CodeIgniter4-4.0.2/vendor/codeigniter4/framework/system/View/View.php(214): include('/var/www/localh...')
#6 /var/www/localhost/CodeIgniter4-4.0.2/vendor/codeigniter4/framework/system/View/View.php(217): CodeIgniter\View\View->CodeIgniter\View\{closure}()
#7 /var/www/localhost/CodeIgniter4-4.0.2/vendor/codeigniter4/framework/system/Common.php(1092): CodeIgniter\View\View->render()
#8 /var/www/localhost/CodeIgniter4-4.0.2/app/Controllers/Data_industri.php(14): view()
#9 /var/www/localhost/CodeIgniter4-4.0.2/vendor/codeigniter4/framework/system/CodeIgniter.php(802): App\Controllers\Data_industri->index()
#10 /var/www/localhost/CodeIgniter4-4.0.2/vendor/codeigniter4/framework/system/CodeIgniter.php(399): CodeIgniter\CodeIgniter->runController()
#11 /var/www/localhost/CodeIgniter4-4.0.2/vendor/codeigniter4/framework/system/CodeIgniter.php(317): CodeIgniter\CodeIgniter->handleRequest()
#12 /var/www/localhost/CodeIgniter4-4.0.2/public/index.php(37): CodeIgniter\CodeIgniter->run()
#13 {main}
CRITICAL - 2021-11-22 22:14:00 --> Trying to get property 'name' of non-object
#0 /var/www/localhost/CodeIgniter4-4.0.2/app/Views/template/sidebar_v.php(32): CodeIgniter\Debug\Exceptions->errorHandler()
#1 /var/www/localhost/CodeIgniter4-4.0.2/vendor/codeigniter4/framework/system/View/View.php(214): include('/var/www/localh...')
#2 /var/www/localhost/CodeIgniter4-4.0.2/vendor/codeigniter4/framework/system/View/View.php(217): CodeIgniter\View\View->CodeIgniter\View\{closure}()
#3 /var/www/localhost/CodeIgniter4-4.0.2/vendor/codeigniter4/framework/system/Common.php(1092): CodeIgniter\View\View->render()
#4 /var/www/localhost/CodeIgniter4-4.0.2/app/Views/template/wrapper_v.php(4): view()
#5 /var/www/localhost/CodeIgniter4-4.0.2/vendor/codeigniter4/framework/system/View/View.php(214): include('/var/www/localh...')
#6 /var/www/localhost/CodeIgniter4-4.0.2/vendor/codeigniter4/framework/system/View/View.php(217): CodeIgniter\View\View->CodeIgniter\View\{closure}()
#7 /var/www/localhost/CodeIgniter4-4.0.2/vendor/codeigniter4/framework/system/Common.php(1092): CodeIgniter\View\View->render()
#8 /var/www/localhost/CodeIgniter4-4.0.2/app/Controllers/admin/ValidasiPendaftaranControllers.php(49): view()
#9 /var/www/localhost/CodeIgniter4-4.0.2/vendor/codeigniter4/framework/system/CodeIgniter.php(802): App\Controllers\admin\ValidasiPendaftaranControllers->index()
#10 /var/www/localhost/CodeIgniter4-4.0.2/vendor/codeigniter4/framework/system/CodeIgniter.php(399): CodeIgniter\CodeIgniter->runController()
#11 /var/www/localhost/CodeIgniter4-4.0.2/vendor/codeigniter4/framework/system/CodeIgniter.php(317): CodeIgniter\CodeIgniter->handleRequest()
#12 /var/www/localhost/CodeIgniter4-4.0.2/public/index.php(37): CodeIgniter\CodeIgniter->run()
#13 {main}
CRITICAL - 2021-11-22 22:14:01 --> Trying to get property 'name' of non-object
#0 /var/www/localhost/CodeIgniter4-4.0.2/app/Views/template/sidebar_v.php(32): CodeIgniter\Debug\Exceptions->errorHandler()
#1 /var/www/localhost/CodeIgniter4-4.0.2/vendor/codeigniter4/framework/system/View/View.php(214): include('/var/www/localh...')
#2 /var/www/localhost/CodeIgniter4-4.0.2/vendor/codeigniter4/framework/system/View/View.php(217): CodeIgniter\View\View->CodeIgniter\View\{closure}()
#3 /var/www/localhost/CodeIgniter4-4.0.2/vendor/codeigniter4/framework/system/Common.php(1092): CodeIgniter\View\View->render()
#4 /var/www/localhost/CodeIgniter4-4.0.2/app/Views/template/wrapper_v.php(4): view()
#5 /var/www/localhost/CodeIgniter4-4.0.2/vendor/codeigniter4/framework/system/View/View.php(214): include('/var/www/localh...')
#6 /var/www/localhost/CodeIgniter4-4.0.2/vendor/codeigniter4/framework/system/View/View.php(217): CodeIgniter\View\View->CodeIgniter\View\{closure}()
#7 /var/www/localhost/CodeIgniter4-4.0.2/vendor/codeigniter4/framework/system/Common.php(1092): CodeIgniter\View\View->render()
#8 /var/www/localhost/CodeIgniter4-4.0.2/app/Controllers/Data_user.php(16): view()
#9 /var/www/localhost/CodeIgniter4-4.0.2/vendor/codeigniter4/framework/system/CodeIgniter.php(802): App\Controllers\Data_user->index()
#10 /var/www/localhost/CodeIgniter4-4.0.2/vendor/codeigniter4/framework/system/CodeIgniter.php(399): CodeIgniter\CodeIgniter->runController()
#11 /var/www/localhost/CodeIgniter4-4.0.2/vendor/codeigniter4/framework/system/CodeIgniter.php(317): CodeIgniter\CodeIgniter->handleRequest()
#12 /var/www/localhost/CodeIgniter4-4.0.2/public/index.php(37): CodeIgniter\CodeIgniter->run()
#13 {main}
CRITICAL - 2021-11-22 22:14:02 --> Trying to get property 'name' of non-object
#0 /var/www/localhost/CodeIgniter4-4.0.2/app/Views/template/sidebar_v.php(32): CodeIgniter\Debug\Exceptions->errorHandler()
#1 /var/www/localhost/CodeIgniter4-4.0.2/vendor/codeigniter4/framework/system/View/View.php(214): include('/var/www/localh...')
#2 /var/www/localhost/CodeIgniter4-4.0.2/vendor/codeigniter4/framework/system/View/View.php(217): CodeIgniter\View\View->CodeIgniter\View\{closure}()
#3 /var/www/localhost/CodeIgniter4-4.0.2/vendor/codeigniter4/framework/system/Common.php(1092): CodeIgniter\View\View->render()
#4 /var/www/localhost/CodeIgniter4-4.0.2/app/Views/template/wrapper_v.php(4): view()
#5 /var/www/localhost/CodeIgniter4-4.0.2/vendor/codeigniter4/framework/system/View/View.php(214): include('/var/www/localh...')
#6 /var/www/localhost/CodeIgniter4-4.0.2/vendor/codeigniter4/framework/system/View/View.php(217): CodeIgniter\View\View->CodeIgniter\View\{closure}()
#7 /var/www/localhost/CodeIgniter4-4.0.2/vendor/codeigniter4/framework/system/Common.php(1092): CodeIgniter\View\View->render()
#8 /var/www/localhost/CodeIgniter4-4.0.2/app/Controllers/Earlywarning_bml.php(14): view()
#9 /var/www/localhost/CodeIgniter4-4.0.2/vendor/codeigniter4/framework/system/CodeIgniter.php(802): App\Controllers\Earlywarning_bml->index()
#10 /var/www/localhost/CodeIgniter4-4.0.2/vendor/codeigniter4/framework/system/CodeIgniter.php(399): CodeIgniter\CodeIgniter->runController()
#11 /var/www/localhost/CodeIgniter4-4.0.2/vendor/codeigniter4/framework/system/CodeIgniter.php(317): CodeIgniter\CodeIgniter->handleRequest()
#12 /var/www/localhost/CodeIgniter4-4.0.2/public/index.php(37): CodeIgniter\CodeIgniter->run()
#13 {main}
CRITICAL - 2021-11-22 22:14:03 --> Trying to get property 'name' of non-object
#0 /var/www/localhost/CodeIgniter4-4.0.2/app/Views/template/sidebar_v.php(32): CodeIgniter\Debug\Exceptions->errorHandler()
#1 /var/www/localhost/CodeIgniter4-4.0.2/vendor/codeigniter4/framework/system/View/View.php(214): include('/var/www/localh...')
#2 /var/www/localhost/CodeIgniter4-4.0.2/vendor/codeigniter4/framework/system/View/View.php(217): CodeIgniter\View\View->CodeIgniter\View\{closure}()
#3 /var/www/localhost/CodeIgniter4-4.0.2/vendor/codeigniter4/framework/system/Common.php(1092): CodeIgniter\View\View->render()
#4 /var/www/localhost/CodeIgniter4-4.0.2/app/Views/template/wrapper_v.php(4): view()
#5 /var/www/localhost/CodeIgniter4-4.0.2/vendor/codeigniter4/framework/system/View/View.php(214): include('/var/www/localh...')
#6 /var/www/localhost/CodeIgniter4-4.0.2/vendor/codeigniter4/framework/system/View/View.php(217): CodeIgniter\View\View->CodeIgniter\View\{closure}()
#7 /var/www/localhost/CodeIgniter4-4.0.2/vendor/codeigniter4/framework/system/Common.php(1092): CodeIgniter\View\View->render()
#8 /var/www/localhost/CodeIgniter4-4.0.2/app/Controllers/Earlywarning_laporanharian.php(14): view()
#9 /var/www/localhost/CodeIgniter4-4.0.2/vendor/codeigniter4/framework/system/CodeIgniter.php(802): App\Controllers\Earlywarning_laporanharian->index()
#10 /var/www/localhost/CodeIgniter4-4.0.2/vendor/codeigniter4/framework/system/CodeIgniter.php(399): CodeIgniter\CodeIgniter->runController()
#11 /var/www/localhost/CodeIgniter4-4.0.2/vendor/codeigniter4/framework/system/CodeIgniter.php(317): CodeIgniter\CodeIgniter->handleRequest()
#12 /var/www/localhost/CodeIgniter4-4.0.2/public/index.php(37): CodeIgniter\CodeIgniter->run()
#13 {main}
CRITICAL - 2021-11-22 22:14:03 --> Trying to get property 'company_id' of non-object
#0 /var/www/localhost/CodeIgniter4-4.0.2/app/Models/SiteWwtpModel.php(27): CodeIgniter\Debug\Exceptions->errorHandler()
#1 /var/www/localhost/CodeIgniter4-4.0.2/app/Controllers/admin/SiteWwtpControllers.php(62): App\Models\SiteWwtpModel->_get_users()
#2 /var/www/localhost/CodeIgniter4-4.0.2/vendor/codeigniter4/framework/system/CodeIgniter.php(802): App\Controllers\admin\SiteWwtpControllers->index()
#3 /var/www/localhost/CodeIgniter4-4.0.2/vendor/codeigniter4/framework/system/CodeIgniter.php(399): CodeIgniter\CodeIgniter->runController()
#4 /var/www/localhost/CodeIgniter4-4.0.2/vendor/codeigniter4/framework/system/CodeIgniter.php(317): CodeIgniter\CodeIgniter->handleRequest()
#5 /var/www/localhost/CodeIgniter4-4.0.2/public/index.php(37): CodeIgniter\CodeIgniter->run()
#6 {main}
CRITICAL - 2021-11-22 22:14:05 --> Trying to get property 'name' of non-object
#0 /var/www/localhost/CodeIgniter4-4.0.2/app/Views/template/sidebar_v.php(32): CodeIgniter\Debug\Exceptions->errorHandler()
#1 /var/www/localhost/CodeIgniter4-4.0.2/vendor/codeigniter4/framework/system/View/View.php(214): include('/var/www/localh...')
#2 /var/www/localhost/CodeIgniter4-4.0.2/vendor/codeigniter4/framework/system/View/View.php(217): CodeIgniter\View\View->CodeIgniter\View\{closure}()
#3 /var/www/localhost/CodeIgniter4-4.0.2/vendor/codeigniter4/framework/system/Common.php(1092): CodeIgniter\View\View->render()
#4 /var/www/localhost/CodeIgniter4-4.0.2/app/Views/template/wrapper_v.php(4): view()
#5 /var/www/localhost/CodeIgniter4-4.0.2/vendor/codeigniter4/framework/system/View/View.php(214): include('/var/www/localh...')
#6 /var/www/localhost/CodeIgniter4-4.0.2/vendor/codeigniter4/framework/system/View/View.php(217): CodeIgniter\View\View->CodeIgniter\View\{closure}()
#7 /var/www/localhost/CodeIgniter4-4.0.2/vendor/codeigniter4/framework/system/Common.php(1092): CodeIgniter\View\View->render()
#8 /var/www/localhost/CodeIgniter4-4.0.2/app/Controllers/Pengajuan_pelaporan.php(14): view()
#9 /var/www/localhost/CodeIgniter4-4.0.2/vendor/codeigniter4/framework/system/CodeIgniter.php(802): App\Controllers\Pengajuan_pelaporan->index()
#10 /var/www/localhost/CodeIgniter4-4.0.2/vendor/codeigniter4/framework/system/CodeIgniter.php(399): CodeIgniter\CodeIgniter->runController()
#11 /var/www/localhost/CodeIgniter4-4.0.2/vendor/codeigniter4/framework/system/CodeIgniter.php(317): CodeIgniter\CodeIgniter->handleRequest()
#12 /var/www/localhost/CodeIgniter4-4.0.2/public/index.php(37): CodeIgniter\CodeIgniter->run()
#13 {main}
CRITICAL - 2021-11-22 22:14:06 --> Trying to get property 'company_id' of non-object
#0 /var/www/localhost/CodeIgniter4-4.0.2/app/Models/SiteWwtpModel.php(88): CodeIgniter\Debug\Exceptions->errorHandler()
#1 /var/www/localhost/CodeIgniter4-4.0.2/app/Controllers/Analisa_downstream.php(24): App\Models\SiteWwtpModel->_find_all_site()
#2 /var/www/localhost/CodeIgniter4-4.0.2/vendor/codeigniter4/framework/system/CodeIgniter.php(802): App\Controllers\Analisa_downstream->index()
#3 /var/www/localhost/CodeIgniter4-4.0.2/vendor/codeigniter4/framework/system/CodeIgniter.php(399): CodeIgniter\CodeIgniter->runController()
#4 /var/www/localhost/CodeIgniter4-4.0.2/vendor/codeigniter4/framework/system/CodeIgniter.php(317): CodeIgniter\CodeIgniter->handleRequest()
#5 /var/www/localhost/CodeIgniter4-4.0.2/public/index.php(37): CodeIgniter\CodeIgniter->run()
#6 {main}
CRITICAL - 2021-11-22 22:14:07 --> Trying to get property 'company_id' of non-object
#0 /var/www/localhost/CodeIgniter4-4.0.2/app/Models/SiteWwtpModel.php(88): CodeIgniter\Debug\Exceptions->errorHandler()
#1 /var/www/localhost/CodeIgniter4-4.0.2/app/Controllers/Analisa_upstream.php(25): App\Models\SiteWwtpModel->_find_all_site()
#2 /var/www/localhost/CodeIgniter4-4.0.2/vendor/codeigniter4/framework/system/CodeIgniter.php(802): App\Controllers\Analisa_upstream->index()
#3 /var/www/localhost/CodeIgniter4-4.0.2/vendor/codeigniter4/framework/system/CodeIgniter.php(399): CodeIgniter\CodeIgniter->runController()
#4 /var/www/localhost/CodeIgniter4-4.0.2/vendor/codeigniter4/framework/system/CodeIgniter.php(317): CodeIgniter\CodeIgniter->handleRequest()
#5 /var/www/localhost/CodeIgniter4-4.0.2/public/index.php(37): CodeIgniter\CodeIgniter->run()
#6 {main}
CRITICAL - 2021-11-22 22:14:08 --> Trying to get property 'company_id' of non-object
#0 /var/www/localhost/CodeIgniter4-4.0.2/app/Models/SiteWwtpModel.php(88): CodeIgniter\Debug\Exceptions->errorHandler()
#1 /var/www/localhost/CodeIgniter4-4.0.2/app/Controllers/Analisa_outlet.php(25): App\Models\SiteWwtpModel->_find_all_site()
#2 /var/www/localhost/CodeIgniter4-4.0.2/vendor/codeigniter4/framework/system/CodeIgniter.php(802): App\Controllers\Analisa_outlet->index()
#3 /var/www/localhost/CodeIgniter4-4.0.2/vendor/codeigniter4/framework/system/CodeIgniter.php(399): CodeIgniter\CodeIgniter->runController()
#4 /var/www/localhost/CodeIgniter4-4.0.2/vendor/codeigniter4/framework/system/CodeIgniter.php(317): CodeIgniter\CodeIgniter->handleRequest()
#5 /var/www/localhost/CodeIgniter4-4.0.2/public/index.php(37): CodeIgniter\CodeIgniter->run()
#6 {main}
CRITICAL - 2021-11-22 22:14:09 --> Trying to get property 'company_id' of non-object
#0 /var/www/localhost/CodeIgniter4-4.0.2/app/Models/SiteWwtpModel.php(88): CodeIgniter\Debug\Exceptions->errorHandler()
#1 /var/www/localhost/CodeIgniter4-4.0.2/app/Controllers/Analisa_outfall.php(21): App\Models\SiteWwtpModel->_find_all_site()
#2 /var/www/localhost/CodeIgniter4-4.0.2/vendor/codeigniter4/framework/system/CodeIgniter.php(802): App\Controllers\Analisa_outfall->index()
#3 /var/www/localhost/CodeIgniter4-4.0.2/vendor/codeigniter4/framework/system/CodeIgniter.php(399): CodeIgniter\CodeIgniter->runController()
#4 /var/www/localhost/CodeIgniter4-4.0.2/vendor/codeigniter4/framework/system/CodeIgniter.php(317): CodeIgniter\CodeIgniter->handleRequest()
#5 /var/www/localhost/CodeIgniter4-4.0.2/public/index.php(37): CodeIgniter\CodeIgniter->run()
#6 {main}
CRITICAL - 2021-11-22 22:14:28 --> Trying to get property 'name' of non-object
#0 /var/www/localhost/CodeIgniter4-4.0.2/app/Views/template/sidebar_v.php(32): CodeIgniter\Debug\Exceptions->errorHandler()
#1 /var/www/localhost/CodeIgniter4-4.0.2/vendor/codeigniter4/framework/system/View/View.php(214): include('/var/www/localh...')
#2 /var/www/localhost/CodeIgniter4-4.0.2/vendor/codeigniter4/framework/system/View/View.php(217): CodeIgniter\View\View->CodeIgniter\View\{closure}()
#3 /var/www/localhost/CodeIgniter4-4.0.2/vendor/codeigniter4/framework/system/Common.php(1092): CodeIgniter\View\View->render()
#4 /var/www/localhost/CodeIgniter4-4.0.2/app/Views/template/wrapper_v.php(4): view()
#5 /var/www/localhost/CodeIgniter4-4.0.2/vendor/codeigniter4/framework/system/View/View.php(214): include('/var/www/localh...')
#6 /var/www/localhost/CodeIgniter4-4.0.2/vendor/codeigniter4/framework/system/View/View.php(217): CodeIgniter\View\View->CodeIgniter\View\{closure}()
#7 /var/www/localhost/CodeIgniter4-4.0.2/vendor/codeigniter4/framework/system/Common.php(1092): CodeIgniter\View\View->render()
#8 /var/www/localhost/CodeIgniter4-4.0.2/app/Controllers/Maps.php(14): view()
#9 /var/www/localhost/CodeIgniter4-4.0.2/vendor/codeigniter4/framework/system/CodeIgniter.php(802): App\Controllers\Maps->index()
#10 /var/www/localhost/CodeIgniter4-4.0.2/vendor/codeigniter4/framework/system/CodeIgniter.php(399): CodeIgniter\CodeIgniter->runController()
#11 /var/www/localhost/CodeIgniter4-4.0.2/vendor/codeigniter4/framework/system/CodeIgniter.php(317): CodeIgniter\CodeIgniter->handleRequest()
#12 /var/www/localhost/CodeIgniter4-4.0.2/public/index.php(37): CodeIgniter\CodeIgniter->run()
#13 {main}
