CRITICAL - 2021-11-20 13:36:12 --> Class 'App\Models\SiteDocumentModel' not found
#0 /var/www/localhost/CodeIgniter4-4.0.2/vendor/codeigniter4/framework/system/CodeIgniter.php(779): App\Controllers\admin\SiteWwtpControllers->__construct()
#1 /var/www/localhost/CodeIgniter4-4.0.2/vendor/codeigniter4/framework/system/CodeIgniter.php(390): CodeIgniter\CodeIgniter->createController()
#2 /var/www/localhost/CodeIgniter4-4.0.2/vendor/codeigniter4/framework/system/CodeIgniter.php(317): CodeIgniter\CodeIgniter->handleRequest()
#3 /var/www/localhost/CodeIgniter4-4.0.2/public/index.php(37): CodeIgniter\CodeIgniter->run()
#4 {main}
CRITICAL - 2021-11-20 13:46:59 --> Class 'App\Models\SiteDocumentModel' not found
#0 /var/www/localhost/CodeIgniter4-4.0.2/vendor/codeigniter4/framework/system/CodeIgniter.php(779): App\Controllers\admin\SiteWwtpControllers->__construct()
#1 /var/www/localhost/CodeIgniter4-4.0.2/vendor/codeigniter4/framework/system/CodeIgniter.php(390): CodeIgniter\CodeIgniter->createController()
#2 /var/www/localhost/CodeIgniter4-4.0.2/vendor/codeigniter4/framework/system/CodeIgniter.php(317): CodeIgniter\CodeIgniter->handleRequest()
#3 /var/www/localhost/CodeIgniter4-4.0.2/public/index.php(37): CodeIgniter\CodeIgniter->run()
#4 {main}
CRITICAL - 2021-11-20 17:22:54 --> Call to undefined function logged_in()
#0 /var/www/localhost/CodeIgniter4-4.0.2/vendor/codeigniter4/framework/system/View/View.php(214): include()
#1 /var/www/localhost/CodeIgniter4-4.0.2/vendor/codeigniter4/framework/system/View/View.php(217): CodeIgniter\View\View->CodeIgniter\View\{closure}()
#2 /var/www/localhost/CodeIgniter4-4.0.2/vendor/codeigniter4/framework/system/Common.php(1092): CodeIgniter\View\View->render()
#3 /var/www/localhost/CodeIgniter4-4.0.2/app/Views/auth/layout.php(34): view()
#4 /var/www/localhost/CodeIgniter4-4.0.2/vendor/codeigniter4/framework/system/View/View.php(214): include('/var/www/localh...')
#5 /var/www/localhost/CodeIgniter4-4.0.2/vendor/codeigniter4/framework/system/View/View.php(217): CodeIgniter\View\View->CodeIgniter\View\{closure}()
#6 /var/www/localhost/CodeIgniter4-4.0.2/vendor/codeigniter4/framework/system/View/View.php(230): CodeIgniter\View\View->render()
#7 /var/www/localhost/CodeIgniter4-4.0.2/vendor/codeigniter4/framework/system/Common.php(1092): CodeIgniter\View\View->render()
#8 /var/www/localhost/CodeIgniter4-4.0.2/vendor/myth/auth/src/Controllers/AuthController.php(429): view()
#9 /var/www/localhost/CodeIgniter4-4.0.2/vendor/myth/auth/src/Controllers/AuthController.php(225): Myth\Auth\Controllers\AuthController->_render()
#10 /var/www/localhost/CodeIgniter4-4.0.2/vendor/codeigniter4/framework/system/CodeIgniter.php(802): Myth\Auth\Controllers\AuthController->forgotPassword()
#11 /var/www/localhost/CodeIgniter4-4.0.2/vendor/codeigniter4/framework/system/CodeIgniter.php(399): CodeIgniter\CodeIgniter->runController()
#12 /var/www/localhost/CodeIgniter4-4.0.2/vendor/codeigniter4/framework/system/CodeIgniter.php(317): CodeIgniter\CodeIgniter->handleRequest()
#13 /var/www/localhost/CodeIgniter4-4.0.2/public/index.php(37): CodeIgniter\CodeIgniter->run()
#14 {main}
CRITICAL - 2021-11-20 17:23:31 --> Call to undefined function logged_in()
#0 /var/www/localhost/CodeIgniter4-4.0.2/vendor/codeigniter4/framework/system/View/View.php(214): include()
#1 /var/www/localhost/CodeIgniter4-4.0.2/vendor/codeigniter4/framework/system/View/View.php(217): CodeIgniter\View\View->CodeIgniter\View\{closure}()
#2 /var/www/localhost/CodeIgniter4-4.0.2/vendor/codeigniter4/framework/system/Common.php(1092): CodeIgniter\View\View->render()
#3 /var/www/localhost/CodeIgniter4-4.0.2/app/Views/auth/layout.php(34): view()
#4 /var/www/localhost/CodeIgniter4-4.0.2/vendor/codeigniter4/framework/system/View/View.php(214): include('/var/www/localh...')
#5 /var/www/localhost/CodeIgniter4-4.0.2/vendor/codeigniter4/framework/system/View/View.php(217): CodeIgniter\View\View->CodeIgniter\View\{closure}()
#6 /var/www/localhost/CodeIgniter4-4.0.2/vendor/codeigniter4/framework/system/View/View.php(230): CodeIgniter\View\View->render()
#7 /var/www/localhost/CodeIgniter4-4.0.2/vendor/codeigniter4/framework/system/Common.php(1092): CodeIgniter\View\View->render()
#8 /var/www/localhost/CodeIgniter4-4.0.2/vendor/myth/auth/src/Controllers/AuthController.php(429): view()
#9 /var/www/localhost/CodeIgniter4-4.0.2/vendor/myth/auth/src/Controllers/AuthController.php(225): Myth\Auth\Controllers\AuthController->_render()
#10 /var/www/localhost/CodeIgniter4-4.0.2/vendor/codeigniter4/framework/system/CodeIgniter.php(802): Myth\Auth\Controllers\AuthController->forgotPassword()
#11 /var/www/localhost/CodeIgniter4-4.0.2/vendor/codeigniter4/framework/system/CodeIgniter.php(399): CodeIgniter\CodeIgniter->runController()
#12 /var/www/localhost/CodeIgniter4-4.0.2/vendor/codeigniter4/framework/system/CodeIgniter.php(317): CodeIgniter\CodeIgniter->handleRequest()
#13 /var/www/localhost/CodeIgniter4-4.0.2/public/index.php(37): CodeIgniter\CodeIgniter->run()
#14 {main}
CRITICAL - 2021-11-20 17:23:36 --> Call to undefined function logged_in()
#0 /var/www/localhost/CodeIgniter4-4.0.2/vendor/codeigniter4/framework/system/View/View.php(214): include()
#1 /var/www/localhost/CodeIgniter4-4.0.2/vendor/codeigniter4/framework/system/View/View.php(217): CodeIgniter\View\View->CodeIgniter\View\{closure}()
#2 /var/www/localhost/CodeIgniter4-4.0.2/vendor/codeigniter4/framework/system/Common.php(1092): CodeIgniter\View\View->render()
#3 /var/www/localhost/CodeIgniter4-4.0.2/app/Views/auth/layout.php(34): view()
#4 /var/www/localhost/CodeIgniter4-4.0.2/vendor/codeigniter4/framework/system/View/View.php(214): include('/var/www/localh...')
#5 /var/www/localhost/CodeIgniter4-4.0.2/vendor/codeigniter4/framework/system/View/View.php(217): CodeIgniter\View\View->CodeIgniter\View\{closure}()
#6 /var/www/localhost/CodeIgniter4-4.0.2/vendor/codeigniter4/framework/system/View/View.php(230): CodeIgniter\View\View->render()
#7 /var/www/localhost/CodeIgniter4-4.0.2/vendor/codeigniter4/framework/system/Common.php(1092): CodeIgniter\View\View->render()
#8 /var/www/localhost/CodeIgniter4-4.0.2/vendor/myth/auth/src/Controllers/AuthController.php(429): view()
#9 /var/www/localhost/CodeIgniter4-4.0.2/vendor/myth/auth/src/Controllers/AuthController.php(225): Myth\Auth\Controllers\AuthController->_render()
#10 /var/www/localhost/CodeIgniter4-4.0.2/vendor/codeigniter4/framework/system/CodeIgniter.php(802): Myth\Auth\Controllers\AuthController->forgotPassword()
#11 /var/www/localhost/CodeIgniter4-4.0.2/vendor/codeigniter4/framework/system/CodeIgniter.php(399): CodeIgniter\CodeIgniter->runController()
#12 /var/www/localhost/CodeIgniter4-4.0.2/vendor/codeigniter4/framework/system/CodeIgniter.php(317): CodeIgniter\CodeIgniter->handleRequest()
#13 /var/www/localhost/CodeIgniter4-4.0.2/public/index.php(37): CodeIgniter\CodeIgniter->run()
#14 {main}
CRITICAL - 2021-11-20 17:25:42 --> Trying to get property 'name' of non-object
#0 /var/www/localhost/CodeIgniter4-4.0.2/app/Views/template/sidebar_v.php(32): CodeIgniter\Debug\Exceptions->errorHandler()
#1 /var/www/localhost/CodeIgniter4-4.0.2/vendor/codeigniter4/framework/system/View/View.php(214): include('/var/www/localh...')
#2 /var/www/localhost/CodeIgniter4-4.0.2/vendor/codeigniter4/framework/system/View/View.php(217): CodeIgniter\View\View->CodeIgniter\View\{closure}()
#3 /var/www/localhost/CodeIgniter4-4.0.2/vendor/codeigniter4/framework/system/Common.php(1092): CodeIgniter\View\View->render()
#4 /var/www/localhost/CodeIgniter4-4.0.2/app/Views/template/wrapper_v.php(4): view()
#5 /var/www/localhost/CodeIgniter4-4.0.2/vendor/codeigniter4/framework/system/View/View.php(214): include('/var/www/localh...')
#6 /var/www/localhost/CodeIgniter4-4.0.2/vendor/codeigniter4/framework/system/View/View.php(217): CodeIgniter\View\View->CodeIgniter\View\{closure}()
#7 /var/www/localhost/CodeIgniter4-4.0.2/vendor/codeigniter4/framework/system/Common.php(1092): CodeIgniter\View\View->render()
#8 /var/www/localhost/CodeIgniter4-4.0.2/app/Controllers/admin/Dashboard.php(15): view()
#9 /var/www/localhost/CodeIgniter4-4.0.2/vendor/codeigniter4/framework/system/CodeIgniter.php(802): App\Controllers\admin\Dashboard->index()
#10 /var/www/localhost/CodeIgniter4-4.0.2/vendor/codeigniter4/framework/system/CodeIgniter.php(399): CodeIgniter\CodeIgniter->runController()
#11 /var/www/localhost/CodeIgniter4-4.0.2/vendor/codeigniter4/framework/system/CodeIgniter.php(317): CodeIgniter\CodeIgniter->handleRequest()
#12 /var/www/localhost/CodeIgniter4-4.0.2/public/index.php(37): CodeIgniter\CodeIgniter->run()
#13 {main}
