CRITICAL - 2021-11-25 21:47:39 --> fopen(/var/www/localhost/CodeIgniter4-4.0.2/writable/session/ci_session6ho9g1lc40rsdqiinsnshcofk5sp6atr): failed to open stream: Permission denied
#0 [internal function]: CodeIgniter\Debug\Exceptions->errorHandler()
#1 /var/www/localhost/CodeIgniter4-4.0.2/vendor/codeigniter4/framework/system/Session/Handlers/FileHandler.php(129): fopen()
#2 [internal function]: CodeIgniter\Session\Handlers\FileHandler->read()
#3 /var/www/localhost/CodeIgniter4-4.0.2/vendor/codeigniter4/framework/system/Session/Session.php(898): session_start()
#4 /var/www/localhost/CodeIgniter4-4.0.2/vendor/codeigniter4/framework/system/Session/Session.php(238): CodeIgniter\Session\Session->startSession()
#5 /var/www/localhost/CodeIgniter4-4.0.2/vendor/codeigniter4/framework/system/Config/Services.php(577): CodeIgniter\Session\Session->start()
#6 /var/www/localhost/CodeIgniter4-4.0.2/vendor/codeigniter4/framework/system/Config/BaseService.php(248): CodeIgniter\Config\Services::session()
#7 /var/www/localhost/CodeIgniter4-4.0.2/vendor/codeigniter4/framework/system/Config/BaseService.php(189): CodeIgniter\Config\BaseService::__callStatic()
#8 /var/www/localhost/CodeIgniter4-4.0.2/vendor/codeigniter4/framework/system/Config/Services.php(563): CodeIgniter\Config\BaseService::getSharedInstance()
#9 /var/www/localhost/CodeIgniter4-4.0.2/vendor/codeigniter4/framework/system/Config/BaseService.php(248): CodeIgniter\Config\Services::session()
#10 /var/www/localhost/CodeIgniter4-4.0.2/vendor/codeigniter4/framework/system/Common.php(904): CodeIgniter\Config\BaseService::__callStatic()
#11 /var/www/localhost/CodeIgniter4-4.0.2/vendor/myth/auth/src/Authentication/AuthenticationBase.php(134): session()
#12 /var/www/localhost/CodeIgniter4-4.0.2/vendor/myth/auth/src/Authentication/LocalAuthenticator.php(70): Myth\Auth\Authentication\AuthenticationBase->isLoggedIn()
#13 /var/www/localhost/CodeIgniter4-4.0.2/vendor/myth/auth/src/Helpers/auth_helper.php(14): Myth\Auth\Authentication\LocalAuthenticator->check()
#14 /var/www/localhost/CodeIgniter4-4.0.2/app/Views/auth/_navbar.php(48): logged_in()
#15 /var/www/localhost/CodeIgniter4-4.0.2/vendor/codeigniter4/framework/system/View/View.php(214): include('/var/www/localh...')
#16 /var/www/localhost/CodeIgniter4-4.0.2/vendor/codeigniter4/framework/system/View/View.php(217): CodeIgniter\View\View->CodeIgniter\View\{closure}()
#17 /var/www/localhost/CodeIgniter4-4.0.2/vendor/codeigniter4/framework/system/Common.php(1092): CodeIgniter\View\View->render()
#18 /var/www/localhost/CodeIgniter4-4.0.2/app/Views/home_v.php(32): view()
#19 /var/www/localhost/CodeIgniter4-4.0.2/vendor/codeigniter4/framework/system/View/View.php(214): include('/var/www/localh...')
#20 /var/www/localhost/CodeIgniter4-4.0.2/vendor/codeigniter4/framework/system/View/View.php(217): CodeIgniter\View\View->CodeIgniter\View\{closure}()
#21 /var/www/localhost/CodeIgniter4-4.0.2/vendor/codeigniter4/framework/system/Common.php(1092): CodeIgniter\View\View->render()
#22 /var/www/localhost/CodeIgniter4-4.0.2/app/Controllers/Home.php(9): view()
#23 /var/www/localhost/CodeIgniter4-4.0.2/vendor/codeigniter4/framework/system/CodeIgniter.php(802): App\Controllers\Home->index()
#24 /var/www/localhost/CodeIgniter4-4.0.2/vendor/codeigniter4/framework/system/CodeIgniter.php(399): CodeIgniter\CodeIgniter->runController()
#25 /var/www/localhost/CodeIgniter4-4.0.2/vendor/codeigniter4/framework/system/CodeIgniter.php(317): CodeIgniter\CodeIgniter->handleRequest()
#26 /var/www/localhost/CodeIgniter4-4.0.2/public/index.php(37): CodeIgniter\CodeIgniter->run()
#27 {main}
